Build started: 2026-04-20 13:49:18 UTC
geoip.dat size: 38880551 bytes
---
go: downloading go1.24.0 (linux/amd64)
WARN: priority 1 is shared by [AE AF AG AI AL AM AO AQ AR AS AT AU AW AX AZ BA BB BD BE BF BG BH BI BJ BL BM BN BO BQ BR BS BT BV BW BY BZ CA CC CD CF CG CH CI CK CL CM CO CR CU CV CW CX CY CZ DE DJ DK DM DO DZ EC EE EG EH ER ES ET FI FJ FK FM FO FR GA GB GD GE GF GG GH GI GL GM GN GP GQ GR GS GT GU GW GY HK HM HN HR HT HU ID IE IL IM IN IO IQ IR IS IT JE JM JO JP KE KG KH KI KM KN KP KR KW KY KZ LA LB LC LI LK LR LS LT LU LV LY MA MC MD ME MF MG MH MK ML MM MN MO MP MQ MR MS MT MU MV MW MX MY MZ NA NC NE NF NG NI NL NO NP NR NU NZ OM PA PE PF PG PH PK PL PM PN PR PS PT PW PY QA RE RO RS RU RW SA SB SC SD SE SG SH SI SJ SK SL SM SN SO SR SS ST SV SX SY SZ TC TD TF TG TH TJ TK TL TM TN TO TR TT TV TW TZ UA UG UM US UY UZ VA VC VE VG VI VN VU WF WS XK YE YT ZA ZM ZW ZZ] — alphabetically first (AE) will win on conflict
--- Export plan (ascending priority, highest wins) ---
  [priority=  1] tag=ZZ                        inserted=5 skipped=0
  [priority=  1] tag=ZW                        inserted=474 skipped=0
  [priority=  1] tag=ZM                        inserted=353 skipped=0
  [priority=  1] tag=ZA                        inserted=9536 skipped=0
  [priority=  1] tag=YT                        inserted=155 skipped=0
  [priority=  1] tag=YE                        inserted=252 skipped=0
  [priority=  1] tag=XK                        inserted=213 skipped=0
  [priority=  1] tag=WS                        inserted=169 skipped=0
  [priority=  1] tag=WF                        inserted=103 skipped=0
  [priority=  1] tag=VU                        inserted=327 skipped=0
  [priority=  1] tag=VN                        inserted=3897 skipped=0
  [priority=  1] tag=VI                        inserted=398 skipped=0
  [priority=  1] tag=VG                        inserted=625 skipped=0
  [priority=  1] tag=VE                        inserted=1793 skipped=0
  [priority=  1] tag=VC                        inserted=188 skipped=0
  [priority=  1] tag=VA                        inserted=235 skipped=0
  [priority=  1] tag=UZ                        inserted=835 skipped=0
  [priority=  1] tag=UY                        inserted=512 skipped=0
  [priority=  1] tag=US                        inserted=243532 skipped=0
  [priority=  1] tag=UM                        inserted=115 skipped=0
  [priority=  1] tag=UG                        inserted=446 skipped=0
  [priority=  1] tag=UA                        inserted=8667 skipped=0
  [priority=  1] tag=TZ                        inserted=671 skipped=0
  [priority=  1] tag=TW                        inserted=5549 skipped=0
  [priority=  1] tag=TV                        inserted=162 skipped=0
  [priority=  1] tag=TT                        inserted=345 skipped=0
  [priority=  1] tag=TR                        inserted=6244 skipped=0
  [priority=  1] tag=TO                        inserted=153 skipped=0
  [priority=  1] tag=TN                        inserted=339 skipped=0
  [priority=  1] tag=TM                        inserted=184 skipped=0
  [priority=  1] tag=TL                        inserted=210 skipped=0
  [priority=  1] tag=TK                        inserted=125 skipped=0
  [priority=  1] tag=TJ                        inserted=327 skipped=0
  [priority=  1] tag=TH                        inserted=3140 skipped=0
  [priority=  1] tag=TG                        inserted=191 skipped=0
  [priority=  1] tag=TF                        inserted=58 skipped=0
  [priority=  1] tag=TD                        inserted=202 skipped=0
  [priority=  1] tag=TC                        inserted=155 skipped=0
  [priority=  1] tag=SZ                        inserted=209 skipped=0
  [priority=  1] tag=SY                        inserted=435 skipped=0
  [priority=  1] tag=SX                        inserted=136 skipped=0
  [priority=  1] tag=SV                        inserted=582 skipped=0
  [priority=  1] tag=ST                        inserted=156 skipped=0
  [priority=  1] tag=SS                        inserted=218 skipped=0
  [priority=  1] tag=SR                        inserted=212 skipped=0
  [priority=  1] tag=SO                        inserted=262 skipped=0
  [priority=  1] tag=SN                        inserted=282 skipped=0
  [priority=  1] tag=SM                        inserted=188 skipped=0
  [priority=  1] tag=SL                        inserted=230 skipped=0
  [priority=  1] tag=SK                        inserted=2065 skipped=0
  [priority=  1] tag=SJ                        inserted=73 skipped=0
  [priority=  1] tag=SI                        inserted=1657 skipped=0
  [priority=  1] tag=SH                        inserted=72 skipped=0
  [priority=  1] tag=SG                        inserted=22138 skipped=0
  [priority=  1] tag=SE                        inserted=14130 skipped=0
  [priority=  1] tag=SD                        inserted=224 skipped=0
  [priority=  1] tag=SC                        inserted=5563 skipped=0
  [priority=  1] tag=SB                        inserted=155 skipped=0
  [priority=  1] tag=SA                        inserted=2416 skipped=0
  [priority=  1] tag=RW                        inserted=258 skipped=0
  [priority=  1] tag=RU                        inserted=26662 skipped=0
  [priority=  1] tag=RS                        inserted=1708 skipped=0
  [priority=  1] tag=RO                        inserted=5722 skipped=0
  [priority=  1] tag=RE                        inserted=378 skipped=0
  [priority=  1] tag=QA                        inserted=846 skipped=0
  [priority=  1] tag=PY                        inserted=753 skipped=0
  [priority=  1] tag=PW                        inserted=165 skipped=0
  [priority=  1] tag=PT                        inserted=3390 skipped=0
  [priority=  1] tag=PS                        inserted=666 skipped=0
  [priority=  1] tag=PR                        inserted=1920 skipped=0
  [priority=  1] tag=PN                        inserted=54 skipped=0
  [priority=  1] tag=PM                        inserted=146 skipped=0
  [priority=  1] tag=PL                        inserted=17810 skipped=0
  [priority=  1] tag=PK                        inserted=2166 skipped=0
  [priority=  1] tag=PH                        inserted=3813 skipped=0
  [priority=  1] tag=PG                        inserted=433 skipped=0
  [priority=  1] tag=PF                        inserted=287 skipped=0
  [priority=  1] tag=PE                        inserted=2316 skipped=0
  [priority=  1] tag=PA                        inserted=1159 skipped=0
  [priority=  1] tag=OM                        inserted=548 skipped=0
  [priority=  1] tag=NZ                        inserted=4421 skipped=0
  [priority=  1] tag=NU                        inserted=115 skipped=0
  [priority=  1] tag=NR                        inserted=142 skipped=0
  [priority=  1] tag=NP                        inserted=815 skipped=0
  [priority=  1] tag=NO                        inserted=5014 skipped=0
  [priority=  1] tag=NL                        inserted=170867 skipped=0
  [priority=  1] tag=NI                        inserted=344 skipped=0
  [priority=  1] tag=NG                        inserted=1729 skipped=0
  [priority=  1] tag=NF                        inserted=119 skipped=0
  [priority=  1] tag=NE                        inserted=217 skipped=0
  [priority=  1] tag=NC                        inserted=216 skipped=0
  [priority=  1] tag=NA                        inserted=360 skipped=0
  [priority=  1] tag=MZ                        inserted=346 skipped=0
  [priority=  1] tag=MY                        inserted=4316 skipped=0
  [priority=  1] tag=MX                        inserted=7316 skipped=0
  [priority=  1] tag=MW                        inserted=270 skipped=0
  [priority=  1] tag=MV                        inserted=281 skipped=0
  [priority=  1] tag=MU                        inserted=9150 skipped=0
  [priority=  1] tag=MT                        inserted=651 skipped=0
  [priority=  1] tag=MS                        inserted=209 skipped=0
  [priority=  1] tag=MR                        inserted=198 skipped=0
  [priority=  1] tag=MQ                        inserted=251 skipped=0
  [priority=  1] tag=MP                        inserted=124 skipped=0
  [priority=  1] tag=MO                        inserted=815 skipped=0
  [priority=  1] tag=MN                        inserted=585 skipped=0
  [priority=  1] tag=MM                        inserted=794 skipped=0
  [priority=  1] tag=ML                        inserted=203 skipped=0
  [priority=  1] tag=MK                        inserted=455 skipped=0
  [priority=  1] tag=MH                        inserted=144 skipped=0
  [priority=  1] tag=MG                        inserted=259 skipped=0
  [priority=  1] tag=MF                        inserted=158 skipped=0
  [priority=  1] tag=ME                        inserted=325 skipped=0
  [priority=  1] tag=MD                        inserted=1538 skipped=0
  [priority=  1] tag=MC                        inserted=374 skipped=0
  [priority=  1] tag=MA                        inserted=751 skipped=0
  [priority=  1] tag=LY                        inserted=281 skipped=0
  [priority=  1] tag=LV                        inserted=1884 skipped=0
  [priority=  1] tag=LU                        inserted=2295 skipped=0
  [priority=  1] tag=LT                        inserted=3097 skipped=0
  [priority=  1] tag=LS                        inserted=190 skipped=0
  [priority=  1] tag=LR                        inserted=239 skipped=0
  [priority=  1] tag=LK                        inserted=2099 skipped=0
  [priority=  1] tag=LI                        inserted=753 skipped=0
  [priority=  1] tag=LC                        inserted=208 skipped=0
  [priority=  1] tag=LB                        inserted=731 skipped=0
  [priority=  1] tag=LA                        inserted=330 skipped=0
  [priority=  1] tag=KZ                        inserted=2427 skipped=0
  [priority=  1] tag=KY                        inserted=283 skipped=0
  [priority=  1] tag=KW                        inserted=740 skipped=0
  [priority=  1] tag=KR                        inserted=6277 skipped=0
  [priority=  1] tag=KP                        inserted=698 skipped=0
  [priority=  1] tag=KN                        inserted=240 skipped=0
  [priority=  1] tag=KM                        inserted=180 skipped=0
  [priority=  1] tag=KI                        inserted=214 skipped=0
  [priority=  1] tag=KH                        inserted=936 skipped=0
  [priority=  1] tag=KG                        inserted=464 skipped=0
  [priority=  1] tag=KE                        inserted=1488 skipped=0
  [priority=  1] tag=JP                        inserted=42895 skipped=0
  [priority=  1] tag=JO                        inserted=701 skipped=0
  [priority=  1] tag=JM                        inserted=400 skipped=0
  [priority=  1] tag=JE                        inserted=372 skipped=0
  [priority=  1] tag=IT                        inserted=14938 skipped=0
  [priority=  1] tag=IS                        inserted=986 skipped=0
  [priority=  1] tag=IR                        inserted=2932 skipped=0
  [priority=  1] tag=IQ                        inserted=1859 skipped=0
  [priority=  1] tag=IO                        inserted=130 skipped=0
  [priority=  1] tag=IN                        inserted=22276 skipped=0
  [priority=  1] tag=IM                        inserted=451 skipped=0
  [priority=  1] tag=IL                        inserted=4693 skipped=0
  [priority=  1] tag=IE                        inserted=11461 skipped=0
  [priority=  1] tag=ID                        inserted=11061 skipped=0
  [priority=  1] tag=HU                        inserted=2914 skipped=0
  [priority=  1] tag=HT                        inserted=255 skipped=0
  [priority=  1] tag=HR                        inserted=1300 skipped=0
  [priority=  1] tag=HN                        inserted=747 skipped=0
  [priority=  1] tag=HM                        inserted=52 skipped=0
  [priority=  1] tag=HK                        inserted=25064 skipped=0
  [priority=  1] tag=GY                        inserted=187 skipped=0
  [priority=  1] tag=GW                        inserted=175 skipped=0
  [priority=  1] tag=GU                        inserted=379 skipped=0
  [priority=  1] tag=GT                        inserted=934 skipped=0
  [priority=  1] tag=GS                        inserted=75 skipped=0
  [priority=  1] tag=GR                        inserted=2393 skipped=0
  [priority=  1] tag=GQ                        inserted=165 skipped=0
  [priority=  1] tag=GP                        inserted=368 skipped=0
  [priority=  1] tag=GN                        inserted=223 skipped=0
  [priority=  1] tag=GM                        inserted=206 skipped=0
  [priority=  1] tag=GL                        inserted=285 skipped=0
  [priority=  1] tag=GI                        inserted=297 skipped=0
  [priority=  1] tag=GH                        inserted=665 skipped=0
  [priority=  1] tag=GG                        inserted=242 skipped=0
  [priority=  1] tag=GF                        inserted=235 skipped=0
  [priority=  1] tag=GE                        inserted=868 skipped=0
  [priority=  1] tag=GD                        inserted=237 skipped=0
  [priority=  1] tag=GB                        inserted=88197 skipped=0
  [priority=  1] tag=GA                        inserted=236 skipped=0
  [priority=  1] tag=FR                        inserted=43491 skipped=0
  [priority=  1] tag=FO                        inserted=156 skipped=0
  [priority=  1] tag=FM                        inserted=198 skipped=0
  [priority=  1] tag=FK                        inserted=140 skipped=0
  [priority=  1] tag=FJ                        inserted=256 skipped=0
  [priority=  1] tag=FI                        inserted=23643 skipped=0
  [priority=  1] tag=ET                        inserted=229 skipped=0
  [priority=  1] tag=ES                        inserted=16520 skipped=0
  [priority=  1] tag=ER                        inserted=161 skipped=0
  [priority=  1] tag=EH                        inserted=76 skipped=0
  [priority=  1] tag=EG                        inserted=1144 skipped=0
  [priority=  1] tag=EE                        inserted=2447 skipped=0
  [priority=  1] tag=EC                        inserted=1568 skipped=0
  [priority=  1] tag=DZ                        inserted=518 skipped=0
  [priority=  1] tag=DO                        inserted=1360 skipped=0
  [priority=  1] tag=DM                        inserted=307 skipped=0
  [priority=  1] tag=DK                        inserted=5517 skipped=0
  [priority=  1] tag=DJ                        inserted=285 skipped=0
  [priority=  1] tag=DE                        inserted=71226 skipped=0
  [priority=  1] tag=CZ                        inserted=6654 skipped=0
  [priority=  1] tag=CY                        inserted=1851 skipped=0
  [priority=  1] tag=CX                        inserted=117 skipped=0
  [priority=  1] tag=CW                        inserted=273 skipped=0
  [priority=  1] tag=CV                        inserted=250 skipped=0
  [priority=  1] tag=CU                        inserted=208 skipped=0
  [priority=  1] tag=CR                        inserted=1120 skipped=0
  [priority=  1] tag=CO                        inserted=6237 skipped=0
  [priority=  1] tag=CM                        inserted=376 skipped=0
  [priority=  1] tag=CL                        inserted=3974 skipped=0
  [priority=  1] tag=CK                        inserted=140 skipped=0
  [priority=  1] tag=CI                        inserted=569 skipped=0
  [priority=  1] tag=CH                        inserted=56483 skipped=0
  [priority=  1] tag=CG                        inserted=224 skipped=0
  [priority=  1] tag=CF                        inserted=165 skipped=0
  [priority=  1] tag=CD                        inserted=462 skipped=0
  [priority=  1] tag=CC                        inserted=71 skipped=0
  [priority=  1] tag=CA                        inserted=56531 skipped=0
  [priority=  1] tag=BZ                        inserted=471 skipped=0
  [priority=  1] tag=BY                        inserted=773 skipped=0
  [priority=  1] tag=BW                        inserted=295 skipped=0
  [priority=  1] tag=BV                        inserted=57 skipped=0
  [priority=  1] tag=BT                        inserted=295 skipped=0
  [priority=  1] tag=BS                        inserted=355 skipped=0
  [priority=  1] tag=BR                        inserted=25783 skipped=0
  [priority=  1] tag=BQ                        inserted=125 skipped=0
  [priority=  1] tag=BO                        inserted=666 skipped=0
  [priority=  1] tag=BN                        inserted=260 skipped=0
  [priority=  1] tag=BM                        inserted=316 skipped=0
  [priority=  1] tag=BL                        inserted=142 skipped=0
  [priority=  1] tag=BJ                        inserted=220 skipped=0
  [priority=  1] tag=BI                        inserted=176 skipped=0
  [priority=  1] tag=BH                        inserted=562 skipped=0
  [priority=  1] tag=BG                        inserted=3698 skipped=0
  [priority=  1] tag=BF                        inserted=297 skipped=0
  [priority=  1] tag=BE                        inserted=82010 skipped=0
  [priority=  1] tag=BD                        inserted=4831 skipped=0
  [priority=  1] tag=BB                        inserted=342 skipped=0
  [priority=  1] tag=BA                        inserted=551 skipped=0
  [priority=  1] tag=AZ                        inserted=857 skipped=0
  [priority=  1] tag=AX                        inserted=211 skipped=0
  [priority=  1] tag=AW                        inserted=191 skipped=0
  [priority=  1] tag=AU                        inserted=115211 skipped=0
  [priority=  1] tag=AT                        inserted=9294 skipped=0
  [priority=  1] tag=AS                        inserted=492 skipped=0
  [priority=  1] tag=AR                        inserted=6708 skipped=0
  [priority=  1] tag=AQ                        inserted=876 skipped=0
  [priority=  1] tag=AO                        inserted=584 skipped=0
  [priority=  1] tag=AM                        inserted=858 skipped=0
  [priority=  1] tag=AL                        inserted=1522 skipped=0
  [priority=  1] tag=AI                        inserted=215 skipped=0
  [priority=  1] tag=AG                        inserted=333 skipped=0
  [priority=  1] tag=AF                        inserted=912 skipped=0
  [priority=  1] tag=AE                        inserted=5847 skipped=0
  [priority= 70] tag=FASTLY                    inserted=62 skipped=0
  [priority= 80] tag=TELEGRAM                  inserted=12 skipped=0
  [priority= 90] tag=RE-FILTER                 inserted=36616 skipped=0
  [priority=100] tag=RU-WHITELIST              inserted=30189 skipped=0
done → ./output/geoip-country.mmdb
---
mmdb size: 10743719 bytes
Build finished: 2026-04-20 13:49:37 UTC
